TN:
SF:packages/api/src/index.ts
FN:1,(empty-report)
FNF:1
FNH:0
FNDA:0,(empty-report)
DA:1,0
DA:2,0
DA:3,0
LF:3
LH:0
BRDA:1,0,0,0
BRF:1
BRH:0
end_of_record
TN:
SF:packages/api/src/middleware.ts
FN:3,corsMiddleware
FN:14,rateLimitMiddleware
FNF:2
FNH:2
FNDA:2,corsMiddleware
FNDA:3,rateLimitMiddleware
DA:3,1
DA:5,2
DA:7,2
DA:9,2
DA:10,2
DA:11,2
DA:12,2
DA:14,1
DA:15,3
DA:17,3
DA:18,6
DA:19,6
DA:21,6
DA:22,6
DA:23,6
DA:24,6
DA:25,6
DA:27,6
DA:29,1
DA:30,1
DA:32,5
DA:33,6
DA:34,3
LF:23
LH:23
BRDA:3,0,0,2
BRDA:5,1,0,1
BRDA:5,2,0,1
BRDA:7,3,0,2
BRDA:14,4,0,3
BRDA:17,5,0,6
BRDA:21,6,0,4
BRDA:27,7,0,1
BRDA:30,8,0,5
BRDA:22,9,0,3
BRF:10
BRH:10
end_of_record
TN:
SF:packages/api/src/server.ts
FN:10,createServer
FN:17,listen
FN:24,close
FN:29,isRunning
FNF:4
FNH:4
FNDA:5,createServer
FNDA:4,listen
FNDA:1,close
FNDA:3,isRunning
DA:1,1
DA:10,1
DA:11,5
DA:14,5
DA:16,5
DA:17,5
DA:18,4
DA:19,1
DA:20,1
DA:21,3
DA:22,3
DA:23,4
DA:24,5
DA:26,1
DA:27,1
DA:28,1
DA:29,5
DA:30,3
DA:31,3
DA:32,5
DA:33,5
LF:21
LH:21
BRDA:10,0,0,5
BRDA:17,1,0,4
BRDA:18,2,0,1
BRDA:20,3,0,3
BRDA:24,4,0,1
BRDA:29,5,0,3
BRF:6
BRH:6
end_of_record
TN:
SF:packages/api/src/routes/auth.ts
FN:13,authRouter
FN:15,login
FN:28,logout
FN:32,verify
FNF:4
FNH:4
FNDA:1,authRouter
FNDA:3,login
FNDA:1,logout
FNDA:2,verify
DA:13,1
DA:14,1
DA:15,1
DA:17,3
DA:18,2
DA:19,2
DA:22,1
DA:23,1
DA:24,1
DA:25,1
DA:26,3
DA:28,1
DA:30,1
DA:32,1
DA:34,2
DA:35,2
DA:36,1
DA:37,1
LF:18
LH:18
BRDA:13,0,0,1
BRDA:15,1,0,3
BRDA:17,2,0,2
BRDA:17,3,0,2
BRDA:19,4,0,1
BRDA:28,5,0,1
BRDA:32,6,0,2
BRF:7
BRH:7
end_of_record
TN:
SF:packages/api/src/routes/users.ts
FN:8,usersRouter
FN:12,getUser
FN:16,listUsers
FN:21,createUser
FN:29,deleteUser
FNF:5
FNH:5
FNDA:7,usersRouter
FNDA:3,getUser
FNDA:2,listUsers
FNDA:5,createUser
FNDA:2,deleteUser
DA:8,1
DA:9,7
DA:11,7
DA:12,7
DA:13,3
DA:14,3
DA:16,7
DA:18,2
DA:19,2
DA:21,7
DA:23,5
DA:24,5
DA:25,5
DA:26,5
DA:27,5
DA:29,7
DA:31,2
DA:32,2
DA:33,7
DA:34,7
LF:20
LH:20
BRDA:8,0,0,7
BRDA:12,1,0,3
BRDA:16,2,0,2
BRDA:21,3,0,5
BRDA:29,4,0,2
BRF:5
BRH:5
end_of_record
TN:
SF:packages/core/src/config.ts
FN:23,loadConfig
FN:44,mergeConfigs
FN:61,getConfig
FN:68,resetConfig
FNF:4
FNH:4
FNDA:14,loadConfig
FNDA:2,mergeConfigs
FNDA:4,getConfig
FNDA:3,resetConfig
DA:11,1
DA:12,1
DA:13,1
DA:14,1
DA:15,1
DA:16,1
DA:17,1
DA:18,1
DA:19,1
DA:23,1
DA:24,14
DA:27,14
DA:28,14
DA:30,14
DA:31,14
DA:32,14
DA:33,14
DA:34,14
DA:37,14
DA:38,1
DA:39,1
DA:41,13
DA:42,13
DA:44,1
DA:45,2
DA:46,2
DA:47,2
DA:48,2
DA:49,2
DA:50,2
DA:51,2
DA:52,2
DA:53,2
DA:54,2
DA:55,2
DA:56,2
DA:59,1
DA:61,1
DA:62,4
DA:63,3
DA:64,3
DA:65,4
DA:66,4
DA:68,1
DA:69,3
DA:70,3
LF:46
LH:46
BRDA:23,0,0,14
BRDA:24,1,0,0
BRDA:37,2,0,1
BRDA:39,3,0,13
BRDA:44,4,0,2
BRDA:53,5,0,1
BRDA:61,6,0,4
BRDA:62,7,0,3
BRDA:68,8,0,3
BRF:9
BRH:8
end_of_record
TN:
SF:packages/core/src/events.ts
FN:4,<instance_members_initializer>
FN:6,on
FN:13,off
FN:18,emit
FN:28,removeAllListeners
FN:36,listenerCount
FNF:6
FNH:6
FNDA:7,<instance_members_initializer>
FNDA:10,on
FNDA:1,off
FNDA:8,emit
FNDA:2,removeAllListeners
FNDA:3,listenerCount
DA:3,1
DA:4,1
DA:6,1
DA:7,10
DA:8,8
DA:9,8
DA:10,10
DA:11,10
DA:13,1
DA:14,1
DA:15,1
DA:18,1
DA:19,8
DA:20,8
DA:23,4
DA:24,4
DA:25,4
DA:26,8
DA:28,1
DA:29,2
DA:30,1
DA:31,1
DA:32,1
DA:33,1
DA:34,2
DA:36,1
DA:37,3
DA:38,3
DA:39,1
LF:29
LH:29
BRDA:4,0,0,7
BRDA:6,1,0,10
BRDA:7,2,0,8
BRDA:13,3,0,1
BRDA:18,4,0,8
BRDA:20,5,0,4
BRDA:28,6,0,2
BRDA:29,7,0,1
BRDA:36,8,0,3
BRDA:37,9,0,2
BRDA:37,10,0,1
BRF:11
BRH:11
end_of_record
TN:
SF:packages/core/src/index.ts
FN:1,(empty-report)
FNF:1
FNH:0
FNDA:0,(empty-report)
DA:1,0
DA:2,0
DA:3,0
DA:4,0
LF:4
LH:0
BRDA:1,0,0,0
BRF:1
BRH:0
end_of_record
TN:
SF:packages/core/src/logger.ts
FN:11,<instance_members_initializer>
FN:14,Logger
FN:20,log
FN:29,debug
FN:33,info
FN:37,warn
FN:41,error
FN:46,child
FNF:8
FNH:8
FNDA:6,<instance_members_initializer>
FNDA:6,Logger
FNDA:6,log
FNDA:1,debug
FNDA:3,info
FNDA:1,warn
FNDA:1,error
FNDA:1,child
DA:3,1
DA:4,1
DA:5,1
DA:6,1
DA:7,1
DA:8,1
DA:10,1
DA:11,1
DA:12,6
DA:14,1
DA:15,6
DA:16,6
DA:17,6
DA:20,1
DA:21,6
DA:23,4
DA:24,6
DA:25,6
DA:26,6
DA:27,6
DA:29,1
DA:30,1
DA:31,1
DA:33,1
DA:34,3
DA:35,3
DA:37,1
DA:38,1
DA:39,1
DA:41,1
DA:42,1
DA:43,1
DA:46,1
DA:47,1
DA:48,1
DA:49,1
DA:50,1
LF:37
LH:37
BRDA:11,0,0,6
BRDA:14,1,0,6
BRDA:20,2,0,6
BRDA:21,3,0,2
BRDA:21,4,0,4
BRDA:24,5,0,3
BRDA:24,6,0,1
BRDA:25,7,0,0
BRDA:25,8,0,4
BRDA:29,9,0,1
BRDA:33,10,0,3
BRDA:37,11,0,1
BRDA:41,12,0,1
BRDA:46,13,0,1
BRDA:47,14,0,0
BRF:15
BRH:13
end_of_record
TN:
SF:packages/core/src/utils.ts
FN:2,validate
FN:8,sanitize
FN:18,slugify
FN:26,clamp
FN:30,deepClone
FNF:5
FNH:5
FNDA:8,validate
FNDA:4,sanitize
FNDA:3,slugify
FNDA:3,clamp
FNDA:2,deepClone
DA:2,1
DA:3,8
DA:4,8
DA:5,4
DA:6,4
DA:8,1
DA:10,4
DA:11,4
DA:12,4
DA:13,4
DA:14,4
DA:15,4
DA:16,4
DA:18,1
DA:19,3
DA:20,3
DA:21,3
DA:22,3
DA:23,3
DA:26,1
DA:27,3
DA:28,3
DA:30,1
DA:31,2
DA:32,2
LF:25
LH:25
BRDA:2,0,0,8
BRDA:3,1,0,7
BRDA:3,2,0,2
BRDA:3,3,0,6
BRDA:4,4,0,3
BRDA:4,5,0,2
BRDA:4,6,0,4
BRDA:8,7,0,4
BRDA:18,8,0,3
BRDA:26,9,0,3
BRDA:30,10,0,2
BRF:11
BRH:11
end_of_record
TN:
SF:packages/ui/src/index.ts
FN:1,(empty-report)
FNF:1
FNH:0
FNDA:0,(empty-report)
DA:1,0
DA:2,0
DA:3,0
LF:3
LH:0
BRDA:1,0,0,0
BRF:1
BRH:0
end_of_record
TN:
SF:packages/ui/src/components/Button.ts
FN:9,Button
FN:24,IconButton
FNF:2
FNH:2
FNDA:5,Button
FNDA:1,IconButton
DA:9,1
DA:10,5
DA:11,5
DA:12,5
DA:14,5
DA:15,5
DA:16,5
DA:17,5
DA:18,5
DA:19,5
DA:20,5
DA:21,5
DA:24,1
DA:28,1
DA:29,1
DA:30,1
DA:31,1
DA:32,1
DA:33,1
DA:34,1
DA:35,1
DA:36,1
LF:22
LH:22
BRDA:9,0,0,5
BRDA:24,1,0,1
BRF:2
BRH:2
end_of_record
TN:
SF:packages/ui/src/components/Modal.ts
FN:9,Modal
FN:24,isModalOpen
FNF:2
FNH:2
FNDA:5,Modal
FNDA:2,isModalOpen
DA:9,1
DA:10,5
DA:12,5
DA:15,3
DA:16,3
DA:17,3
DA:18,3
DA:19,3
DA:20,3
DA:21,3
DA:22,3
DA:24,1
DA:25,2
DA:26,2
LF:14
LH:14
BRDA:9,0,0,5
BRDA:12,1,0,2
BRDA:12,2,0,3
BRDA:24,3,0,2
BRDA:25,4,0,1
BRF:5
BRH:5
end_of_record
TN:
SF:packages/ui/src/hooks/useForm.ts
FN:8,useForm
FN:16,getValues
FN:20,setValue
FN:25,setError
FN:29,clearErrors
FN:33,getErrors
FN:37,hasErrors
FN:42,submit
FNF:8
FNH:8
FNDA:5,useForm
FNDA:4,getValues
FNDA:2,setValue
FNDA:1,setError
FNDA:1,clearErrors
FNDA:2,getErrors
FNDA:2,hasErrors
FNDA:1,submit
DA:8,1
DA:9,5
DA:10,5
DA:11,5
DA:12,5
DA:13,5
DA:15,5
DA:16,5
DA:17,4
DA:18,4
DA:20,5
DA:21,2
DA:23,2
DA:25,5
DA:26,1
DA:27,1
DA:29,5
DA:30,1
DA:31,1
DA:33,5
DA:34,2
DA:35,2
DA:37,5
DA:38,2
DA:39,2
DA:42,5
DA:43,1
DA:44,1
DA:45,1
DA:46,1
DA:47,5
DA:48,5
LF:32
LH:32
BRDA:8,0,0,5
BRDA:16,1,0,4
BRDA:20,2,0,2
BRDA:25,3,0,1
BRDA:29,4,0,1
BRDA:33,5,0,2
BRDA:37,6,0,2
BRDA:42,7,0,1
BRF:8
BRH:8
end_of_record
