{"numTotalTestSuites":34,"numPassedTestSuites":34,"numFailedTestSuites":0,"numPendingTestSuites":0,"numTotalTests":75,"numPassedTests":75,"numFailedTests":0,"numPendingTests":0,"numTodoTests":0,"snapshot":{"added":0,"failure":false,"filesAdded":0,"filesRemoved":0,"filesRemovedList":[],"filesUnmatched":0,"filesUpdated":0,"matched":0,"total":0,"unchecked":0,"uncheckedKeysByFile":[],"unmatched":0,"updated":0,"didUpdate":false},"startTime":1771265462980,"success":true,"testResults":[{"assertionResults":[{"ancestorTitles":["authRouter","login"],"fullName":"authRouter login returns a token on valid credentials","status":"passed","title":"returns a token on valid credentials","duration":1.107262999999989,"failureMessages":[],"meta":{}},{"ancestorTitles":["authRouter","login"],"fullName":"authRouter login throws on missing username","status":"passed","title":"throws on missing username","duration":1.0699100000000499,"failureMessages":[],"meta":{}},{"ancestorTitles":["authRouter","login"],"fullName":"authRouter login throws on missing password","status":"passed","title":"throws on missing password","duration":0.1806100000000015,"failureMessages":[],"meta":{}},{"ancestorTitles":["authRouter","verify"],"fullName":"authRouter verify returns true for non-empty token","status":"passed","title":"returns true for non-empty token","duration":0.1249159999999847,"failureMessages":[],"meta":{}},{"ancestorTitles":["authRouter","verify"],"fullName":"authRouter verify returns false for empty token","status":"passed","title":"returns false for empty token","duration":0.0755760000000123,"failureMessages":[],"meta":{}},{"ancestorTitles":["authRouter","logout"],"fullName":"authRouter logout does not throw","status":"passed","title":"does not throw","duration":0.3126060000000166,"failureMessages":[],"meta":{}}],"startTime":1771265463320,"endTime":1771265463323.3125,"status":"passed","message":"","name":"/home/boffinwritescode/projects/dashbuild/tests/javascript/packages/api/__tests__/auth.test.ts"},{"assertionResults":[{"ancestorTitles":["corsMiddleware"],"fullName":"corsMiddleware calls next()","status":"passed","title":"calls next()","duration":2.471728999999982,"failureMessages":[],"meta":{}},{"ancestorTitles":["corsMiddleware"],"fullName":"corsMiddleware works with empty origins (wildcard fallback)","status":"passed","title":"works with empty origins (wildcard fallback)","duration":0.5622939999999517,"failureMessages":[],"meta":{}},{"ancestorTitles":["rateLimitMiddleware"],"fullName":"rateLimitMiddleware allows requests under the limit","status":"passed","title":"allows requests under the limit","duration":0.7398400000000152,"failureMessages":[],"meta":{}},{"ancestorTitles":["rateLimitMiddleware"],"fullName":"rateLimitMiddleware throws when rate limit exceeded","status":"passed","title":"throws when rate limit exceeded","duration":1.0782899999999813,"failureMessages":[],"meta":{}},{"ancestorTitles":["rateLimitMiddleware"],"fullName":"rateLimitMiddleware tracks limits per IP","status":"passed","title":"tracks limits per IP","duration":0.17817300000001524,"failureMessages":[],"meta":{}}],"startTime":1771265463321,"endTime":1771265463326.1782,"status":"passed","message":"","name":"/home/boffinwritescode/projects/dashbuild/tests/javascript/packages/api/__tests__/middleware.test.ts"},{"assertionResults":[{"ancestorTitles":["createServer"],"fullName":"createServer creates a server instance","status":"passed","title":"creates a server instance","duration":1.804179999999974,"failureMessages":[],"meta":{}},{"ancestorTitles":["createServer"],"fullName":"createServer starts not running","status":"passed","title":"starts not running","duration":0.3945449999999937,"failureMessages":[],"meta":{}},{"ancestorTitles":["createServer"],"fullName":"createServer is running after listen()","status":"passed","title":"is running after listen()","duration":1.3219439999999736,"failureMessages":[],"meta":{}},{"ancestorTitles":["createServer"],"fullName":"createServer throws if listen() called twice","status":"passed","title":"throws if listen() called twice","duration":1.0560750000000212,"failureMessages":[],"meta":{}},{"ancestorTitles":["createServer"],"fullName":"createServer stops running after close()","status":"passed","title":"stops running after close()","duration":0.4705160000000319,"failureMessages":[],"meta":{}}],"startTime":1771265463321,"endTime":1771265463325.4705,"status":"passed","message":"","name":"/home/boffinwritescode/projects/dashbuild/tests/javascript/packages/api/__tests__/server.test.ts"},{"assertionResults":[{"ancestorTitles":["usersRouter"],"fullName":"usersRouter starts with empty user list","status":"passed","title":"starts with empty user list","duration":1.2622089999999844,"failureMessages":[],"meta":{}},{"ancestorTitles":["usersRouter"],"fullName":"usersRouter creates a user with an id","status":"passed","title":"creates a user with an id","duration":0.3013609999999858,"failureMessages":[],"meta":{}},{"ancestorTitles":["usersRouter"],"fullName":"usersRouter retrieves a created user by id","status":"passed","title":"retrieves a created user by id","duration":0.10668199999997796,"failureMessages":[],"meta":{}},{"ancestorTitles":["usersRouter"],"fullName":"usersRouter returns undefined for unknown id","status":"passed","title":"returns undefined for unknown id","duration":0.08367300000003297,"failureMessages":[],"meta":{}},{"ancestorTitles":["usersRouter"],"fullName":"usersRouter lists all created users","status":"passed","title":"lists all created users","duration":0.5361139999999978,"failureMessages":[],"meta":{}},{"ancestorTitles":["usersRouter"],"fullName":"usersRouter deletes a user","status":"passed","title":"deletes a user","duration":0.11400800000001254,"failureMessages":[],"meta":{}},{"ancestorTitles":["usersRouter"],"fullName":"usersRouter returns false when deleting nonexistent user","status":"passed","title":"returns false when deleting nonexistent user","duration":0.08254599999997936,"failureMessages":[],"meta":{}}],"startTime":1771265463310,"endTime":1771265463313.114,"status":"passed","message":"","name":"/home/boffinwritescode/projects/dashbuild/tests/javascript/packages/api/__tests__/users.test.ts"},{"assertionResults":[{"ancestorTitles":["Button"],"fullName":"Button creates a button with default variant","status":"passed","title":"creates a button with default variant","duration":1.1276540000000068,"failureMessages":[],"meta":{}},{"ancestorTitles":["Button"],"fullName":"Button applies secondary variant","status":"passed","title":"applies secondary variant","duration":0.16816299999999273,"failureMessages":[],"meta":{}},{"ancestorTitles":["Button"],"fullName":"Button applies danger variant","status":"passed","title":"applies danger variant","duration":0.311696999999981,"failureMessages":[],"meta":{}},{"ancestorTitles":["Button"],"fullName":"Button passes disabled state","status":"passed","title":"passes disabled state","duration":0.09743100000002869,"failureMessages":[],"meta":{}},{"ancestorTitles":["Button"],"fullName":"Button passes onClick handler","status":"passed","title":"passes onClick handler","duration":0.07898599999998623,"failureMessages":[],"meta":{}},{"ancestorTitles":["IconButton"],"fullName":"IconButton creates an icon button","status":"passed","title":"creates an icon button","duration":0.20065500000004022,"failureMessages":[],"meta":{}}],"startTime":1771265463321,"endTime":1771265463323.2007,"status":"passed","message":"","name":"/home/boffinwritescode/projects/dashbuild/tests/javascript/packages/ui/__tests__/Button.test.ts"},{"assertionResults":[{"ancestorTitles":["Modal"],"fullName":"Modal returns null when not open","status":"passed","title":"returns null when not open","duration":0.8491960000000063,"failureMessages":[],"meta":{}},{"ancestorTitles":["Modal"],"fullName":"Modal returns modal descriptor when open","status":"passed","title":"returns modal descriptor when open","duration":1.0145739999999819,"failureMessages":[],"meta":{}},{"ancestorTitles":["Modal"],"fullName":"Modal passes onClose handler","status":"passed","title":"passes onClose handler","duration":0.2592629999999758,"failureMessages":[],"meta":{}},{"ancestorTitles":["isModalOpen"],"fullName":"isModalOpen returns true for open modal","status":"passed","title":"returns true for open modal","duration":0.29705300000000534,"failureMessages":[],"meta":{}},{"ancestorTitles":["isModalOpen"],"fullName":"isModalOpen returns false for closed modal","status":"passed","title":"returns false for closed modal","duration":0.17778599999996914,"failureMessages":[],"meta":{}}],"startTime":1771265463320,"endTime":1771265463323.297,"status":"passed","message":"","name":"/home/boffinwritescode/projects/dashbuild/tests/javascript/packages/ui/__tests__/Modal.test.ts"},{"assertionResults":[{"ancestorTitles":["useForm"],"fullName":"useForm initializes with given values","status":"passed","title":"initializes with given values","duration":2.802673000000027,"failureMessages":[],"meta":{}},{"ancestorTitles":["useForm"],"fullName":"useForm sets individual values","status":"passed","title":"sets individual values","duration":0.20551000000000386,"failureMessages":[],"meta":{}},{"ancestorTitles":["useForm"],"fullName":"useForm getValues returns a copy","status":"passed","title":"getValues returns a copy","duration":0.37200800000005074,"failureMessages":[],"meta":{}},{"ancestorTitles":["useForm"],"fullName":"useForm sets and clears errors","status":"passed","title":"sets and clears errors","duration":0.22041300000000774,"failureMessages":[],"meta":{}},{"ancestorTitles":["useForm"],"fullName":"useForm submits with current values","status":"passed","title":"submits with current values","duration":0.1659890000000246,"failureMessages":[],"meta":{}}],"startTime":1771265463322,"endTime":1771265463326.2205,"status":"passed","message":"","name":"/home/boffinwritescode/projects/dashbuild/tests/javascript/packages/ui/__tests__/useForm.test.ts"},{"assertionResults":[{"ancestorTitles":["loadConfig"],"fullName":"loadConfig returns default config when no overrides given","status":"passed","title":"returns default config when no overrides given","duration":0.9861310000000003,"failureMessages":[],"meta":{}},{"ancestorTitles":["loadConfig"],"fullName":"loadConfig applies overrides","status":"passed","title":"applies overrides","duration":0.1662680000000023,"failureMessages":[],"meta":{}},{"ancestorTitles":["loadConfig"],"fullName":"loadConfig applies database overrides","status":"passed","title":"applies database overrides","duration":0.13539099999997006,"failureMessages":[],"meta":{}},{"ancestorTitles":["loadConfig"],"fullName":"loadConfig throws when database URL is empty","status":"passed","title":"throws when database URL is empty","duration":0.6035829999999578,"failureMessages":[],"meta":{}},{"ancestorTitles":["mergeConfigs"],"fullName":"mergeConfigs merges base and override configs","status":"passed","title":"merges base and override configs","duration":0.19380200000000514,"failureMessages":[],"meta":{}},{"ancestorTitles":["mergeConfigs"],"fullName":"mergeConfigs deep merges database config","status":"passed","title":"deep merges database config","duration":0.13270800000003646,"failureMessages":[],"meta":{}},{"ancestorTitles":["getConfig / resetConfig"],"fullName":"getConfig / resetConfig returns cached config on subsequent calls","status":"passed","title":"returns cached config on subsequent calls","duration":0.2400480000000016,"failureMessages":[],"meta":{}},{"ancestorTitles":["getConfig / resetConfig"],"fullName":"getConfig / resetConfig returns fresh config after reset","status":"passed","title":"returns fresh config after reset","duration":0.7506620000000339,"failureMessages":[],"meta":{}}],"startTime":1771265463314,"endTime":1771265463317.7507,"status":"passed","message":"","name":"/home/boffinwritescode/projects/dashbuild/tests/javascript/packages/core/__tests__/config.test.ts"},{"assertionResults":[{"ancestorTitles":["EventEmitter"],"fullName":"EventEmitter calls handler when event is emitted","status":"passed","title":"calls handler when event is emitted","duration":2.168064999999956,"failureMessages":[],"meta":{}},{"ancestorTitles":["EventEmitter"],"fullName":"EventEmitter supports multiple handlers for the same event","status":"passed","title":"supports multiple handlers for the same event","duration":0.5835440000000176,"failureMessages":[],"meta":{}},{"ancestorTitles":["EventEmitter"],"fullName":"EventEmitter does not call handler after off()","status":"passed","title":"does not call handler after off()","duration":0.23150199999997767,"failureMessages":[],"meta":{}},{"ancestorTitles":["EventEmitter"],"fullName":"EventEmitter does nothing when emitting event with no handlers","status":"passed","title":"does nothing when emitting event with no handlers","duration":0.9692229999999995,"failureMessages":[],"meta":{}},{"ancestorTitles":["EventEmitter"],"fullName":"EventEmitter removeAllListeners clears specific event","status":"passed","title":"removeAllListeners clears specific event","duration":0.4658539999999789,"failureMessages":[],"meta":{}},{"ancestorTitles":["EventEmitter"],"fullName":"EventEmitter removeAllListeners with no arg clears all events","status":"passed","title":"removeAllListeners with no arg clears all events","duration":0.21934599999997317,"failureMessages":[],"meta":{}},{"ancestorTitles":["EventEmitter"],"fullName":"EventEmitter listenerCount returns correct count","status":"passed","title":"listenerCount returns correct count","duration":0.25732800000002953,"failureMessages":[],"meta":{}}],"startTime":1771265463314,"endTime":1771265463319.2573,"status":"passed","message":"","name":"/home/boffinwritescode/projects/dashbuild/tests/javascript/packages/core/__tests__/events.test.ts"},{"assertionResults":[{"ancestorTitles":["Logger"],"fullName":"Logger logs info messages","status":"passed","title":"logs info messages","duration":4.051773999999966,"failureMessages":[],"meta":{}},{"ancestorTitles":["Logger"],"fullName":"Logger logs warn messages","status":"passed","title":"logs warn messages","duration":0.7922680000000355,"failureMessages":[],"meta":{}},{"ancestorTitles":["Logger"],"fullName":"Logger logs error messages","status":"passed","title":"logs error messages","duration":0.5697020000000066,"failureMessages":[],"meta":{}},{"ancestorTitles":["Logger"],"fullName":"Logger suppresses messages below configured level","status":"passed","title":"suppresses messages below configured level","duration":1.0505309999999781,"failureMessages":[],"meta":{}},{"ancestorTitles":["Logger"],"fullName":"Logger child creates a scoped logger","status":"passed","title":"child creates a scoped logger","duration":0.31938000000002376,"failureMessages":[],"meta":{}}],"startTime":1771265463322,"endTime":1771265463328.3193,"status":"passed","message":"","name":"/home/boffinwritescode/projects/dashbuild/tests/javascript/packages/core/__tests__/logger.test.ts"},{"assertionResults":[{"ancestorTitles":["validate"],"fullName":"validate returns false for null","status":"passed","title":"returns false for null","duration":1.0865330000000313,"failureMessages":[],"meta":{}},{"ancestorTitles":["validate"],"fullName":"validate returns false for undefined","status":"passed","title":"returns false for undefined","duration":0.1381659999999556,"failureMessages":[],"meta":{}},{"ancestorTitles":["validate"],"fullName":"validate returns false for empty string","status":"passed","title":"returns false for empty string","duration":0.08687899999995352,"failureMessages":[],"meta":{}},{"ancestorTitles":["validate"],"fullName":"validate returns true for non-empty values","status":"passed","title":"returns true for non-empty values","duration":0.1827859999999646,"failureMessages":[],"meta":{}},{"ancestorTitles":["sanitize"],"fullName":"sanitize escapes HTML special characters","status":"passed","title":"escapes HTML special characters","duration":0.13507400000003145,"failureMessages":[],"meta":{}},{"ancestorTitles":["sanitize"],"fullName":"sanitize escapes ampersands","status":"passed","title":"escapes ampersands","duration":0.09570199999996021,"failureMessages":[],"meta":{}},{"ancestorTitles":["sanitize"],"fullName":"sanitize escapes quotes","status":"passed","title":"escapes quotes","duration":0.05619599999999991,"failureMessages":[],"meta":{}},{"ancestorTitles":["sanitize"],"fullName":"sanitize returns plain text unchanged","status":"passed","title":"returns plain text unchanged","duration":0.059067999999967924,"failureMessages":[],"meta":{}},{"ancestorTitles":["slugify"],"fullName":"slugify converts to lowercase kebab-case","status":"passed","title":"converts to lowercase kebab-case","duration":0.40087199999999257,"failureMessages":[],"meta":{}},{"ancestorTitles":["slugify"],"fullName":"slugify strips special characters","status":"passed","title":"strips special characters","duration":0.07892299999997476,"failureMessages":[],"meta":{}},{"ancestorTitles":["slugify"],"fullName":"slugify trims leading and trailing hyphens","status":"passed","title":"trims leading and trailing hyphens","duration":0.05488500000001295,"failureMessages":[],"meta":{}},{"ancestorTitles":["clamp"],"fullName":"clamp returns value when within range","status":"passed","title":"returns value when within range","duration":0.07930900000002339,"failureMessages":[],"meta":{}},{"ancestorTitles":["clamp"],"fullName":"clamp clamps to min","status":"passed","title":"clamps to min","duration":0.07952000000000226,"failureMessages":[],"meta":{}},{"ancestorTitles":["clamp"],"fullName":"clamp clamps to max","status":"passed","title":"clamps to max","duration":0.04560500000002321,"failureMessages":[],"meta":{}},{"ancestorTitles":["deepClone"],"fullName":"deepClone creates a deep copy of an object","status":"passed","title":"creates a deep copy of an object","duration":0.8570369999999912,"failureMessages":[],"meta":{}},{"ancestorTitles":["deepClone"],"fullName":"deepClone clones arrays","status":"passed","title":"clones arrays","duration":0.19508799999999837,"failureMessages":[],"meta":{}}],"startTime":1771265463319,"endTime":1771265463323.195,"status":"passed","message":"","name":"/home/boffinwritescode/projects/dashbuild/tests/javascript/packages/core/__tests__/utils.test.ts"}],"coverageMap":{"/home/boffinwritescode/projects/dashbuild/tests/javascript/packages/api/src/middleware.ts":{"path":"/home/boffinwritescode/projects/dashbuild/tests/javascript/packages/api/src/middleware.ts","all":false,"statementMap":{"2":{"start":{"line":3,"column":0},"end":{"line":3,"column":58}},"4":{"start":{"line":5,"column":0},"end":{"line":5,"column":69}},"6":{"start":{"line":7,"column":0},"end":{"line":7,"column":62}},"8":{"start":{"line":9,"column":0},"end":{"line":9,"column":17}},"9":{"start":{"line":10,"column":0},"end":{"line":10,"column":11}},"10":{"start":{"line":11,"column":0},"end":{"line":11,"column":4}},"11":{"start":{"line":12,"column":0},"end":{"line":12,"column":1}},"13":{"start":{"line":14,"column":0},"end":{"line":14,"column":76}},"14":{"start":{"line":15,"column":0},"end":{"line":15,"column":52}},"16":{"start":{"line":17,"column":0},"end":{"line":17,"column":68}},"17":{"start":{"line":18,"column":0},"end":{"line":18,"column":27}},"18":{"start":{"line":19,"column":0},"end":{"line":19,"column":39}},"20":{"start":{"line":21,"column":0},"end":{"line":21,"column":63}},"21":{"start":{"line":22,"column":0},"end":{"line":22,"column":29}},"22":{"start":{"line":23,"column":0},"end":{"line":23,"column":6}},"23":{"start":{"line":24,"column":0},"end":{"line":24,"column":29}},"24":{"start":{"line":25,"column":0},"end":{"line":25,"column":41}},"26":{"start":{"line":27,"column":0},"end":{"line":27,"column":46}},"28":{"start":{"line":29,"column":0},"end":{"line":29,"column":45}},"29":{"start":{"line":30,"column":0},"end":{"line":30,"column":5}},"31":{"start":{"line":32,"column":0},"end":{"line":32,"column":11}},"32":{"start":{"line":33,"column":0},"end":{"line":33,"column":4}},"33":{"start":{"line":34,"column":0},"end":{"line":34,"column":1}}},"s":{"2":1,"4":2,"6":2,"8":2,"9":2,"10":2,"11":2,"13":1,"14":3,"16":3,"17":6,"18":6,"20":6,"21":6,"22":6,"23":6,"24":6,"26":6,"28":1,"29":1,"31":5,"32":6,"33":3},"branchMap":{"0":{"type":"branch","line":3,"loc":{"start":{"line":3,"column":7},"end":{"line":12,"column":1}},"locations":[{"start":{"line":3,"column":7},"end":{"line":12,"column":1}}]},"1":{"type":"branch","line":5,"loc":{"start":{"line":5,"column":42},"end":{"line":5,"column":63}},"locations":[{"start":{"line":5,"column":42},"end":{"line":5,"column":63}}]},"2":{"type":"branch","line":5,"loc":{"start":{"line":5,"column":46},"end":{"line":5,"column":69}},"locations":[{"start":{"line":5,"column":46},"end":{"line":5,"column":69}}]},"3":{"type":"branch","line":7,"loc":{"start":{"line":7,"column":9},"end":{"line":11,"column":4}},"locations":[{"start":{"line":7,"column":9},"end":{"line":11,"column":4}}]},"4":{"type":"branch","line":14,"loc":{"start":{"line":14,"column":7},"end":{"line":34,"column":1}},"locations":[{"start":{"line":14,"column":7},"end":{"line":34,"column":1}}]},"5":{"type":"branch","line":17,"loc":{"start":{"line":17,"column":9},"end":{"line":33,"column":4}},"locations":[{"start":{"line":17,"column":9},"end":{"line":33,"column":4}}]},"6":{"type":"branch","line":21,"loc":{"start":{"line":21,"column":47},"end":{"line":21,"column":56}},"locations":[{"start":{"line":21,"column":47},"end":{"line":21,"column":56}}]},"7":{"type":"branch","line":27,"loc":{"start":{"line":27,"column":45},"end":{"line":30,"column":5}},"locations":[{"start":{"line":27,"column":45},"end":{"line":30,"column":5}}]},"8":{"type":"branch","line":30,"loc":{"start":{"line":30,"column":4},"end":{"line":32,"column":11}},"locations":[{"start":{"line":30,"column":4},"end":{"line":32,"column":11}}]},"9":{"type":"branch","line":22,"loc":{"start":{"line":22,"column":6},"end":{"line":22,"column":29}},"locations":[{"start":{"line":22,"column":6},"end":{"line":22,"column":29}}]}},"b":{"0":[2],"1":[1],"2":[1],"3":[2],"4":[3],"5":[6],"6":[4],"7":[1],"8":[5],"9":[3]},"fnMap":{"0":{"name":"corsMiddleware","decl":{"start":{"line":3,"column":7},"end":{"line":12,"column":1}},"loc":{"start":{"line":3,"column":7},"end":{"line":12,"column":1}},"line":3},"1":{"name":"rateLimitMiddleware","decl":{"start":{"line":14,"column":7},"end":{"line":34,"column":1}},"loc":{"start":{"line":14,"column":7},"end":{"line":34,"column":1}},"line":14}},"f":{"0":2,"1":3}},"/home/boffinwritescode/projects/dashbuild/tests/javascript/packages/api/src/routes/auth.ts":{"path":"/home/boffinwritescode/projects/dashbuild/tests/javascript/packages/api/src/routes/auth.ts","all":false,"statementMap":{"12":{"start":{"line":13,"column":0},"end":{"line":13,"column":30}},"13":{"start":{"line":14,"column":0},"end":{"line":14,"column":10}},"14":{"start":{"line":15,"column":0},"end":{"line":15,"column":58}},"16":{"start":{"line":17,"column":0},"end":{"line":17,"column":43}},"17":{"start":{"line":18,"column":0},"end":{"line":18,"column":62}},"18":{"start":{"line":19,"column":0},"end":{"line":19,"column":7}},"21":{"start":{"line":22,"column":0},"end":{"line":22,"column":14}},"22":{"start":{"line":23,"column":0},"end":{"line":23,"column":53}},"23":{"start":{"line":24,"column":0},"end":{"line":24,"column":24}},"24":{"start":{"line":25,"column":0},"end":{"line":25,"column":8}},"25":{"start":{"line":26,"column":0},"end":{"line":26,"column":6}},"27":{"start":{"line":28,"column":0},"end":{"line":28,"column":49}},"29":{"start":{"line":30,"column":0},"end":{"line":30,"column":6}},"31":{"start":{"line":32,"column":0},"end":{"line":32,"column":51}},"33":{"start":{"line":34,"column":0},"end":{"line":34,"column":30}},"34":{"start":{"line":35,"column":0},"end":{"line":35,"column":6}},"35":{"start":{"line":36,"column":0},"end":{"line":36,"column":4}},"36":{"start":{"line":37,"column":0},"end":{"line":37,"column":1}}},"s":{"12":1,"13":1,"14":1,"16":3,"17":2,"18":2,"21":1,"22":1,"23":1,"24":1,"25":3,"27":1,"29":1,"31":1,"33":2,"34":2,"35":1,"36":1},"branchMap":{"0":{"type":"branch","line":13,"loc":{"start":{"line":13,"column":7},"end":{"line":37,"column":1}},"locations":[{"start":{"line":13,"column":7},"end":{"line":37,"column":1}}]},"1":{"type":"branch","line":15,"loc":{"start":{"line":15,"column":4},"end":{"line":26,"column":6}},"locations":[{"start":{"line":15,"column":4},"end":{"line":26,"column":6}}]},"2":{"type":"branch","line":17,"loc":{"start":{"line":17,"column":15},"end":{"line":17,"column":42}},"locations":[{"start":{"line":17,"column":15},"end":{"line":17,"column":42}}]},"3":{"type":"branch","line":17,"loc":{"start":{"line":17,"column":42},"end":{"line":19,"column":7}},"locations":[{"start":{"line":17,"column":42},"end":{"line":19,"column":7}}]},"4":{"type":"branch","line":19,"loc":{"start":{"line":19,"column":6},"end":{"line":25,"column":8}},"locations":[{"start":{"line":19,"column":6},"end":{"line":25,"column":8}}]},"5":{"type":"branch","line":28,"loc":{"start":{"line":28,"column":4},"end":{"line":30,"column":6}},"locations":[{"start":{"line":28,"column":4},"end":{"line":30,"column":6}}]},"6":{"type":"branch","line":32,"loc":{"start":{"line":32,"column":4},"end":{"line":35,"column":6}},"locations":[{"start":{"line":32,"column":4},"end":{"line":35,"column":6}}]}},"b":{"0":[1],"1":[3],"2":[2],"3":[2],"4":[1],"5":[1],"6":[2]},"fnMap":{"0":{"name":"authRouter","decl":{"start":{"line":13,"column":7},"end":{"line":37,"column":1}},"loc":{"start":{"line":13,"column":7},"end":{"line":37,"column":1}},"line":13},"1":{"name":"login","decl":{"start":{"line":15,"column":4},"end":{"line":26,"column":6}},"loc":{"start":{"line":15,"column":4},"end":{"line":26,"column":6}},"line":15},"2":{"name":"logout","decl":{"start":{"line":28,"column":4},"end":{"line":30,"column":6}},"loc":{"start":{"line":28,"column":4},"end":{"line":30,"column":6}},"line":28},"3":{"name":"verify","decl":{"start":{"line":32,"column":4},"end":{"line":35,"column":6}},"loc":{"start":{"line":32,"column":4},"end":{"line":35,"column":6}},"line":32}},"f":{"0":1,"1":3,"2":1,"3":2}},"/home/boffinwritescode/projects/dashbuild/tests/javascript/packages/api/src/routes/users.ts":{"path":"/home/boffinwritescode/projects/dashbuild/tests/javascript/packages/api/src/routes/users.ts","all":false,"statementMap":{"7":{"start":{"line":8,"column":0},"end":{"line":8,"column":31}},"8":{"start":{"line":9,"column":0},"end":{"line":9,"column":45}},"10":{"start":{"line":11,"column":0},"end":{"line":11,"column":10}},"11":{"start":{"line":12,"column":0},"end":{"line":12,"column":43}},"12":{"start":{"line":13,"column":0},"end":{"line":13,"column":27}},"13":{"start":{"line":14,"column":0},"end":{"line":14,"column":6}},"15":{"start":{"line":16,"column":0},"end":{"line":16,"column":25}},"17":{"start":{"line":18,"column":0},"end":{"line":18,"column":40}},"18":{"start":{"line":19,"column":0},"end":{"line":19,"column":6}},"20":{"start":{"line":21,"column":0},"end":{"line":21,"column":46}},"22":{"start":{"line":23,"column":0},"end":{"line":23,"column":57}},"23":{"start":{"line":24,"column":0},"end":{"line":24,"column":41}},"24":{"start":{"line":25,"column":0},"end":{"line":25,"column":26}},"25":{"start":{"line":26,"column":0},"end":{"line":26,"column":18}},"26":{"start":{"line":27,"column":0},"end":{"line":27,"column":6}},"28":{"start":{"line":29,"column":0},"end":{"line":29,"column":37}},"30":{"start":{"line":31,"column":0},"end":{"line":31,"column":30}},"31":{"start":{"line":32,"column":0},"end":{"line":32,"column":6}},"32":{"start":{"line":33,"column":0},"end":{"line":33,"column":4}},"33":{"start":{"line":34,"column":0},"end":{"line":34,"column":1}}},"s":{"7":1,"8":7,"10":7,"11":7,"12":3,"13":3,"15":7,"17":2,"18":2,"20":7,"22":5,"23":5,"24":5,"25":5,"26":5,"28":7,"30":2,"31":2,"32":7,"33":7},"branchMap":{"0":{"type":"branch","line":8,"loc":{"start":{"line":8,"column":7},"end":{"line":34,"column":1}},"locations":[{"start":{"line":8,"column":7},"end":{"line":34,"column":1}}]},"1":{"type":"branch","line":12,"loc":{"start":{"line":12,"column":4},"end":{"line":14,"column":6}},"locations":[{"start":{"line":12,"column":4},"end":{"line":14,"column":6}}]},"2":{"type":"branch","line":16,"loc":{"start":{"line":16,"column":4},"end":{"line":19,"column":6}},"locations":[{"start":{"line":16,"column":4},"end":{"line":19,"column":6}}]},"3":{"type":"branch","line":21,"loc":{"start":{"line":21,"column":4},"end":{"line":27,"column":6}},"locations":[{"start":{"line":21,"column":4},"end":{"line":27,"column":6}}]},"4":{"type":"branch","line":29,"loc":{"start":{"line":29,"column":4},"end":{"line":32,"column":6}},"locations":[{"start":{"line":29,"column":4},"end":{"line":32,"column":6}}]}},"b":{"0":[7],"1":[3],"2":[2],"3":[5],"4":[2]},"fnMap":{"0":{"name":"usersRouter","decl":{"start":{"line":8,"column":7},"end":{"line":34,"column":1}},"loc":{"start":{"line":8,"column":7},"end":{"line":34,"column":1}},"line":8},"1":{"name":"getUser","decl":{"start":{"line":12,"column":4},"end":{"line":14,"column":6}},"loc":{"start":{"line":12,"column":4},"end":{"line":14,"column":6}},"line":12},"2":{"name":"listUsers","decl":{"start":{"line":16,"column":4},"end":{"line":19,"column":6}},"loc":{"start":{"line":16,"column":4},"end":{"line":19,"column":6}},"line":16},"3":{"name":"createUser","decl":{"start":{"line":21,"column":4},"end":{"line":27,"column":6}},"loc":{"start":{"line":21,"column":4},"end":{"line":27,"column":6}},"line":21},"4":{"name":"deleteUser","decl":{"start":{"line":29,"column":4},"end":{"line":32,"column":6}},"loc":{"start":{"line":29,"column":4},"end":{"line":32,"column":6}},"line":29}},"f":{"0":7,"1":3,"2":2,"3":5,"4":2}},"/home/boffinwritescode/projects/dashbuild/tests/javascript/packages/api/src/server.ts":{"path":"/home/boffinwritescode/projects/dashbuild/tests/javascript/packages/api/src/server.ts","all":false,"statementMap":{"0":{"start":{"line":1,"column":0},"end":{"line":1,"column":51}},"9":{"start":{"line":10,"column":0},"end":{"line":10,"column":40}},"10":{"start":{"line":11,"column":0},"end":{"line":11,"column":30}},"13":{"start":{"line":14,"column":0},"end":{"line":14,"column":22}},"15":{"start":{"line":16,"column":0},"end":{"line":16,"column":10}},"16":{"start":{"line":17,"column":0},"end":{"line":17,"column":14}},"17":{"start":{"line":18,"column":0},"end":{"line":18,"column":20}},"18":{"start":{"line":19,"column":0},"end":{"line":19,"column":53}},"19":{"start":{"line":20,"column":0},"end":{"line":20,"column":7}},"20":{"start":{"line":21,"column":0},"end":{"line":21,"column":21}},"21":{"start":{"line":22,"column":0},"end":{"line":22,"column":71}},"22":{"start":{"line":23,"column":0},"end":{"line":23,"column":6}},"23":{"start":{"line":24,"column":0},"end":{"line":24,"column":13}},"25":{"start":{"line":26,"column":0},"end":{"line":26,"column":22}},"26":{"start":{"line":27,"column":0},"end":{"line":27,"column":35}},"27":{"start":{"line":28,"column":0},"end":{"line":28,"column":6}},"28":{"start":{"line":29,"column":0},"end":{"line":29,"column":17}},"29":{"start":{"line":30,"column":0},"end":{"line":30,"column":21}},"30":{"start":{"line":31,"column":0},"end":{"line":31,"column":6}},"31":{"start":{"line":32,"column":0},"end":{"line":32,"column":4}},"32":{"start":{"line":33,"column":0},"end":{"line":33,"column":1}}},"s":{"0":1,"9":1,"10":5,"13":5,"15":5,"16":5,"17":4,"18":1,"19":1,"20":3,"21":3,"22":4,"23":5,"25":1,"26":1,"27":1,"28":5,"29":3,"30":3,"31":5,"32":5},"branchMap":{"0":{"type":"branch","line":10,"loc":{"start":{"line":10,"column":7},"end":{"line":33,"column":1}},"locations":[{"start":{"line":10,"column":7},"end":{"line":33,"column":1}}]},"1":{"type":"branch","line":17,"loc":{"start":{"line":17,"column":4},"end":{"line":23,"column":6}},"locations":[{"start":{"line":17,"column":4},"end":{"line":23,"column":6}}]},"2":{"type":"branch","line":18,"loc":{"start":{"line":18,"column":19},"end":{"line":20,"column":7}},"locations":[{"start":{"line":18,"column":19},"end":{"line":20,"column":7}}]},"3":{"type":"branch","line":20,"loc":{"start":{"line":20,"column":6},"end":{"line":22,"column":71}},"locations":[{"start":{"line":20,"column":6},"end":{"line":22,"column":71}}]},"4":{"type":"branch","line":24,"loc":{"start":{"line":24,"column":4},"end":{"line":28,"column":6}},"locations":[{"start":{"line":24,"column":4},"end":{"line":28,"column":6}}]},"5":{"type":"branch","line":29,"loc":{"start":{"line":29,"column":4},"end":{"line":31,"column":6}},"locations":[{"start":{"line":29,"column":4},"end":{"line":31,"column":6}}]}},"b":{"0":[5],"1":[4],"2":[1],"3":[3],"4":[1],"5":[3]},"fnMap":{"0":{"name":"createServer","decl":{"start":{"line":10,"column":7},"end":{"line":33,"column":1}},"loc":{"start":{"line":10,"column":7},"end":{"line":33,"column":1}},"line":10},"1":{"name":"listen","decl":{"start":{"line":17,"column":4},"end":{"line":23,"column":6}},"loc":{"start":{"line":17,"column":4},"end":{"line":23,"column":6}},"line":17},"2":{"name":"close","decl":{"start":{"line":24,"column":4},"end":{"line":28,"column":6}},"loc":{"start":{"line":24,"column":4},"end":{"line":28,"column":6}},"line":24},"3":{"name":"isRunning","decl":{"start":{"line":29,"column":4},"end":{"line":31,"column":6}},"loc":{"start":{"line":29,"column":4},"end":{"line":31,"column":6}},"line":29}},"f":{"0":5,"1":4,"2":1,"3":3}},"/home/boffinwritescode/projects/dashbuild/tests/javascript/packages/core/src/config.ts":{"path":"/home/boffinwritescode/projects/dashbuild/tests/javascript/packages/core/src/config.ts","all":false,"statementMap":{"10":{"start":{"line":11,"column":0},"end":{"line":11,"column":26}},"11":{"start":{"line":12,"column":0},"end":{"line":12,"column":13}},"12":{"start":{"line":13,"column":0},"end":{"line":13,"column":20}},"13":{"start":{"line":14,"column":0},"end":{"line":14,"column":15}},"14":{"start":{"line":15,"column":0},"end":{"line":15,"column":13}},"15":{"start":{"line":16,"column":0},"end":{"line":16,"column":41}},"16":{"start":{"line":17,"column":0},"end":{"line":17,"column":13}},"17":{"start":{"line":18,"column":0},"end":{"line":18,"column":4}},"18":{"start":{"line":19,"column":0},"end":{"line":19,"column":2}},"22":{"start":{"line":23,"column":0},"end":{"line":23,"column":69}},"23":{"start":{"line":24,"column":0},"end":{"line":24,"column":52}},"26":{"start":{"line":27,"column":0},"end":{"line":27,"column":14}},"27":{"start":{"line":28,"column":0},"end":{"line":28,"column":71}},"29":{"start":{"line":30,"column":0},"end":{"line":30,"column":26}},"30":{"start":{"line":31,"column":0},"end":{"line":31,"column":16}},"31":{"start":{"line":32,"column":0},"end":{"line":32,"column":17}},"32":{"start":{"line":33,"column":0},"end":{"line":33,"column":41}},"33":{"start":{"line":34,"column":0},"end":{"line":34,"column":4}},"36":{"start":{"line":37,"column":0},"end":{"line":37,"column":29}},"37":{"start":{"line":38,"column":0},"end":{"line":38,"column":48}},"38":{"start":{"line":39,"column":0},"end":{"line":39,"column":3}},"40":{"start":{"line":41,"column":0},"end":{"line":41,"column":16}},"41":{"start":{"line":42,"column":0},"end":{"line":42,"column":1}},"43":{"start":{"line":44,"column":0},"end":{"line":44,"column":29}},"44":{"start":{"line":45,"column":0},"end":{"line":45,"column":15}},"45":{"start":{"line":46,"column":0},"end":{"line":46,"column":28}},"46":{"start":{"line":47,"column":0},"end":{"line":47,"column":11}},"47":{"start":{"line":48,"column":0},"end":{"line":48,"column":10}},"48":{"start":{"line":49,"column":0},"end":{"line":49,"column":12}},"49":{"start":{"line":50,"column":0},"end":{"line":50,"column":16}},"50":{"start":{"line":51,"column":0},"end":{"line":51,"column":15}},"51":{"start":{"line":52,"column":0},"end":{"line":52,"column":23}},"52":{"start":{"line":53,"column":0},"end":{"line":53,"column":35}},"53":{"start":{"line":54,"column":0},"end":{"line":54,"column":6}},"54":{"start":{"line":55,"column":0},"end":{"line":55,"column":4}},"55":{"start":{"line":56,"column":0},"end":{"line":56,"column":1}},"58":{"start":{"line":59,"column":0},"end":{"line":59,"column":39}},"60":{"start":{"line":61,"column":0},"end":{"line":61,"column":37}},"61":{"start":{"line":62,"column":0},"end":{"line":62,"column":22}},"62":{"start":{"line":63,"column":0},"end":{"line":63,"column":32}},"63":{"start":{"line":64,"column":0},"end":{"line":64,"column":3}},"64":{"start":{"line":65,"column":0},"end":{"line":65,"column":22}},"65":{"start":{"line":66,"column":0},"end":{"line":66,"column":1}},"67":{"start":{"line":68,"column":0},"end":{"line":68,"column":37}},"68":{"start":{"line":69,"column":0},"end":{"line":69,"column":22}},"69":{"start":{"line":70,"column":0},"end":{"line":70,"column":1}}},"s":{"10":1,"11":1,"12":1,"13":1,"14":1,"15":1,"16":1,"17":1,"18":1,"22":1,"23":14,"26":14,"27":14,"29":14,"30":14,"31":14,"32":14,"33":14,"36":14,"37":1,"38":1,"40":13,"41":13,"43":1,"44":2,"45":2,"46":2,"47":2,"48":2,"49":2,"50":2,"51":2,"52":2,"53":2,"54":2,"55":2,"58":1,"60":1,"61":4,"62":3,"63":3,"64":4,"65":4,"67":1,"68":3,"69":3},"branchMap":{"0":{"type":"branch","line":23,"loc":{"start":{"line":23,"column":7},"end":{"line":42,"column":1}},"locations":[{"start":{"line":23,"column":7},"end":{"line":42,"column":1}}]},"1":{"type":"branch","line":24,"loc":{"start":{"line":24,"column":14},"end":{"line":24,"column":52}},"locations":[{"start":{"line":24,"column":14},"end":{"line":24,"column":52}}]},"2":{"type":"branch","line":37,"loc":{"start":{"line":37,"column":28},"end":{"line":39,"column":3}},"locations":[{"start":{"line":37,"column":28},"end":{"line":39,"column":3}}]},"3":{"type":"branch","line":39,"loc":{"start":{"line":39,"column":2},"end":{"line":42,"column":1}},"locations":[{"start":{"line":39,"column":2},"end":{"line":42,"column":1}}]},"4":{"type":"branch","line":44,"loc":{"start":{"line":44,"column":7},"end":{"line":56,"column":1}},"locations":[{"start":{"line":44,"column":7},"end":{"line":56,"column":1}}]},"5":{"type":"branch","line":53,"loc":{"start":{"line":53,"column":19},"end":{"line":53,"column":35}},"locations":[{"start":{"line":53,"column":19},"end":{"line":53,"column":35}}]},"6":{"type":"branch","line":61,"loc":{"start":{"line":61,"column":7},"end":{"line":66,"column":1}},"locations":[{"start":{"line":61,"column":7},"end":{"line":66,"column":1}}]},"7":{"type":"branch","line":62,"loc":{"start":{"line":62,"column":21},"end":{"line":64,"column":3}},"locations":[{"start":{"line":62,"column":21},"end":{"line":64,"column":3}}]},"8":{"type":"branch","line":68,"loc":{"start":{"line":68,"column":7},"end":{"line":70,"column":1}},"locations":[{"start":{"line":68,"column":7},"end":{"line":70,"column":1}}]}},"b":{"0":[14],"1":[0],"2":[1],"3":[13],"4":[2],"5":[1],"6":[4],"7":[3],"8":[3]},"fnMap":{"0":{"name":"loadConfig","decl":{"start":{"line":23,"column":7},"end":{"line":42,"column":1}},"loc":{"start":{"line":23,"column":7},"end":{"line":42,"column":1}},"line":23},"1":{"name":"mergeConfigs","decl":{"start":{"line":44,"column":7},"end":{"line":56,"column":1}},"loc":{"start":{"line":44,"column":7},"end":{"line":56,"column":1}},"line":44},"2":{"name":"getConfig","decl":{"start":{"line":61,"column":7},"end":{"line":66,"column":1}},"loc":{"start":{"line":61,"column":7},"end":{"line":66,"column":1}},"line":61},"3":{"name":"resetConfig","decl":{"start":{"line":68,"column":7},"end":{"line":70,"column":1}},"loc":{"start":{"line":68,"column":7},"end":{"line":70,"column":1}},"line":68}},"f":{"0":14,"1":2,"2":4,"3":3}},"/home/boffinwritescode/projects/dashbuild/tests/javascript/packages/core/src/events.ts":{"path":"/home/boffinwritescode/projects/dashbuild/tests/javascript/packages/core/src/events.ts","all":false,"statementMap":{"2":{"start":{"line":3,"column":0},"end":{"line":3,"column":27}},"3":{"start":{"line":4,"column":0},"end":{"line":4,"column":63}},"5":{"start":{"line":6,"column":0},"end":{"line":6,"column":50}},"6":{"start":{"line":7,"column":0},"end":{"line":7,"column":36}},"7":{"start":{"line":8,"column":0},"end":{"line":8,"column":42}},"8":{"start":{"line":9,"column":0},"end":{"line":9,"column":5}},"9":{"start":{"line":10,"column":0},"end":{"line":10,"column":43}},"10":{"start":{"line":11,"column":0},"end":{"line":11,"column":3}},"12":{"start":{"line":13,"column":0},"end":{"line":13,"column":51}},"13":{"start":{"line":14,"column":0},"end":{"line":14,"column":46}},"14":{"start":{"line":15,"column":0},"end":{"line":15,"column":3}},"17":{"start":{"line":18,"column":0},"end":{"line":18,"column":49}},"18":{"start":{"line":19,"column":0},"end":{"line":19,"column":46}},"19":{"start":{"line":20,"column":0},"end":{"line":20,"column":26}},"22":{"start":{"line":23,"column":0},"end":{"line":23,"column":37}},"23":{"start":{"line":24,"column":0},"end":{"line":24,"column":23}},"24":{"start":{"line":25,"column":0},"end":{"line":25,"column":5}},"25":{"start":{"line":26,"column":0},"end":{"line":26,"column":3}},"27":{"start":{"line":28,"column":0},"end":{"line":28,"column":44}},"28":{"start":{"line":29,"column":0},"end":{"line":29,"column":16}},"29":{"start":{"line":30,"column":0},"end":{"line":30,"column":34}},"30":{"start":{"line":31,"column":0},"end":{"line":31,"column":12}},"31":{"start":{"line":32,"column":0},"end":{"line":32,"column":28}},"32":{"start":{"line":33,"column":0},"end":{"line":33,"column":5}},"33":{"start":{"line":34,"column":0},"end":{"line":34,"column":3}},"35":{"start":{"line":36,"column":0},"end":{"line":36,"column":40}},"36":{"start":{"line":37,"column":0},"end":{"line":37,"column":47}},"37":{"start":{"line":38,"column":0},"end":{"line":38,"column":3}},"38":{"start":{"line":39,"column":0},"end":{"line":39,"column":1}}},"s":{"2":1,"3":1,"5":1,"6":10,"7":8,"8":8,"9":10,"10":10,"12":1,"13":1,"14":1,"17":1,"18":8,"19":8,"22":4,"23":4,"24":4,"25":8,"27":1,"28":2,"29":1,"30":1,"31":1,"32":1,"33":2,"35":1,"36":3,"37":3,"38":1},"branchMap":{"0":{"type":"branch","line":4,"loc":{"start":{"line":4,"column":10},"end":{"line":4,"column":63}},"locations":[{"start":{"line":4,"column":10},"end":{"line":4,"column":63}}]},"1":{"type":"branch","line":6,"loc":{"start":{"line":6,"column":2},"end":{"line":11,"column":3}},"locations":[{"start":{"line":6,"column":2},"end":{"line":11,"column":3}}]},"2":{"type":"branch","line":7,"loc":{"start":{"line":7,"column":35},"end":{"line":9,"column":5}},"locations":[{"start":{"line":7,"column":35},"end":{"line":9,"column":5}}]},"3":{"type":"branch","line":13,"loc":{"start":{"line":13,"column":2},"end":{"line":15,"column":3}},"locations":[{"start":{"line":13,"column":2},"end":{"line":15,"column":3}}]},"4":{"type":"branch","line":18,"loc":{"start":{"line":18,"column":2},"end":{"line":26,"column":3}},"locations":[{"start":{"line":18,"column":2},"end":{"line":26,"column":3}}]},"5":{"type":"branch","line":20,"loc":{"start":{"line":20,"column":19},"end":{"line":25,"column":5}},"locations":[{"start":{"line":20,"column":19},"end":{"line":25,"column":5}}]},"6":{"type":"branch","line":28,"loc":{"start":{"line":28,"column":2},"end":{"line":34,"column":3}},"locations":[{"start":{"line":28,"column":2},"end":{"line":34,"column":3}}]},"7":{"type":"branch","line":29,"loc":{"start":{"line":29,"column":15},"end":{"line":33,"column":5}},"locations":[{"start":{"line":29,"column":15},"end":{"line":33,"column":5}}]},"8":{"type":"branch","line":36,"loc":{"start":{"line":36,"column":2},"end":{"line":38,"column":3}},"locations":[{"start":{"line":36,"column":2},"end":{"line":38,"column":3}}]},"9":{"type":"branch","line":37,"loc":{"start":{"line":37,"column":34},"end":{"line":37,"column":45}},"locations":[{"start":{"line":37,"column":34},"end":{"line":37,"column":45}}]},"10":{"type":"branch","line":37,"loc":{"start":{"line":37,"column":37},"end":{"line":37,"column":47}},"locations":[{"start":{"line":37,"column":37},"end":{"line":37,"column":47}}]}},"b":{"0":[7],"1":[10],"2":[8],"3":[1],"4":[8],"5":[4],"6":[2],"7":[1],"8":[3],"9":[2],"10":[1]},"fnMap":{"0":{"name":"<instance_members_initializer>","decl":{"start":{"line":4,"column":10},"end":{"line":4,"column":63}},"loc":{"start":{"line":4,"column":10},"end":{"line":4,"column":63}},"line":4},"1":{"name":"on","decl":{"start":{"line":6,"column":2},"end":{"line":11,"column":3}},"loc":{"start":{"line":6,"column":2},"end":{"line":11,"column":3}},"line":6},"2":{"name":"off","decl":{"start":{"line":13,"column":2},"end":{"line":15,"column":3}},"loc":{"start":{"line":13,"column":2},"end":{"line":15,"column":3}},"line":13},"3":{"name":"emit","decl":{"start":{"line":18,"column":2},"end":{"line":26,"column":3}},"loc":{"start":{"line":18,"column":2},"end":{"line":26,"column":3}},"line":18},"4":{"name":"removeAllListeners","decl":{"start":{"line":28,"column":2},"end":{"line":34,"column":3}},"loc":{"start":{"line":28,"column":2},"end":{"line":34,"column":3}},"line":28},"5":{"name":"listenerCount","decl":{"start":{"line":36,"column":2},"end":{"line":38,"column":3}},"loc":{"start":{"line":36,"column":2},"end":{"line":38,"column":3}},"line":36}},"f":{"0":7,"1":10,"2":1,"3":8,"4":2,"5":3}},"/home/boffinwritescode/projects/dashbuild/tests/javascript/packages/core/src/logger.ts":{"path":"/home/boffinwritescode/projects/dashbuild/tests/javascript/packages/core/src/logger.ts","all":false,"statementMap":{"2":{"start":{"line":3,"column":0},"end":{"line":3,"column":46}},"3":{"start":{"line":4,"column":0},"end":{"line":4,"column":11}},"4":{"start":{"line":5,"column":0},"end":{"line":5,"column":10}},"5":{"start":{"line":6,"column":0},"end":{"line":6,"column":10}},"6":{"start":{"line":7,"column":0},"end":{"line":7,"column":11}},"7":{"start":{"line":8,"column":0},"end":{"line":8,"column":2}},"9":{"start":{"line":10,"column":0},"end":{"line":10,"column":21}},"10":{"start":{"line":11,"column":0},"end":{"line":11,"column":26}},"11":{"start":{"line":12,"column":0},"end":{"line":12,"column":25}},"13":{"start":{"line":14,"column":0},"end":{"line":14,"column":62}},"14":{"start":{"line":15,"column":0},"end":{"line":15,"column":25}},"15":{"start":{"line":16,"column":0},"end":{"line":16,"column":23}},"16":{"start":{"line":17,"column":0},"end":{"line":17,"column":3}},"19":{"start":{"line":20,"column":0},"end":{"line":20,"column":75}},"20":{"start":{"line":21,"column":0},"end":{"line":21,"column":59}},"22":{"start":{"line":23,"column":0},"end":{"line":23,"column":47}},"23":{"start":{"line":24,"column":0},"end":{"line":24,"column":54}},"24":{"start":{"line":25,"column":0},"end":{"line":25,"column":49}},"25":{"start":{"line":26,"column":0},"end":{"line":26,"column":82}},"26":{"start":{"line":27,"column":0},"end":{"line":27,"column":3}},"28":{"start":{"line":29,"column":0},"end":{"line":29,"column":52}},"29":{"start":{"line":30,"column":0},"end":{"line":30,"column":40}},"30":{"start":{"line":31,"column":0},"end":{"line":31,"column":3}},"32":{"start":{"line":33,"column":0},"end":{"line":33,"column":51}},"33":{"start":{"line":34,"column":0},"end":{"line":34,"column":39}},"34":{"start":{"line":35,"column":0},"end":{"line":35,"column":3}},"36":{"start":{"line":37,"column":0},"end":{"line":37,"column":51}},"37":{"start":{"line":38,"column":0},"end":{"line":38,"column":39}},"38":{"start":{"line":39,"column":0},"end":{"line":39,"column":3}},"40":{"start":{"line":41,"column":0},"end":{"line":41,"column":52}},"41":{"start":{"line":42,"column":0},"end":{"line":42,"column":40}},"42":{"start":{"line":43,"column":0},"end":{"line":43,"column":3}},"45":{"start":{"line":46,"column":0},"end":{"line":46,"column":33}},"46":{"start":{"line":47,"column":0},"end":{"line":47,"column":71}},"47":{"start":{"line":48,"column":0},"end":{"line":48,"column":44}},"48":{"start":{"line":49,"column":0},"end":{"line":49,"column":3}},"49":{"start":{"line":50,"column":0},"end":{"line":50,"column":1}}},"s":{"2":1,"3":1,"4":1,"5":1,"6":1,"7":1,"9":1,"10":1,"11":6,"13":1,"14":6,"15":6,"16":6,"19":1,"20":6,"22":4,"23":6,"24":6,"25":6,"26":6,"28":1,"29":1,"30":1,"32":1,"33":3,"34":3,"36":1,"37":1,"38":1,"40":1,"41":1,"42":1,"45":1,"46":1,"47":1,"48":1,"49":1},"branchMap":{"0":{"type":"branch","line":11,"loc":{"start":{"line":11,"column":10},"end":{"line":12,"column":25}},"locations":[{"start":{"line":11,"column":10},"end":{"line":12,"column":25}}]},"1":{"type":"branch","line":14,"loc":{"start":{"line":14,"column":2},"end":{"line":17,"column":3}},"locations":[{"start":{"line":14,"column":2},"end":{"line":17,"column":3}}]},"2":{"type":"branch","line":20,"loc":{"start":{"line":20,"column":10},"end":{"line":27,"column":3}},"locations":[{"start":{"line":20,"column":10},"end":{"line":27,"column":3}}]},"3":{"type":"branch","line":21,"loc":{"start":{"line":21,"column":52},"end":{"line":21,"column":59}},"locations":[{"start":{"line":21,"column":52},"end":{"line":21,"column":59}}]},"4":{"type":"branch","line":21,"loc":{"start":{"line":21,"column":52},"end":{"line":24,"column":30}},"locations":[{"start":{"line":21,"column":52},"end":{"line":24,"column":30}}]},"5":{"type":"branch","line":24,"loc":{"start":{"line":24,"column":21},"end":{"line":24,"column":51}},"locations":[{"start":{"line":24,"column":21},"end":{"line":24,"column":51}}]},"6":{"type":"branch","line":24,"loc":{"start":{"line":24,"column":45},"end":{"line":24,"column":54}},"locations":[{"start":{"line":24,"column":45},"end":{"line":24,"column":54}}]},"7":{"type":"branch","line":25,"loc":{"start":{"line":25,"column":25},"end":{"line":25,"column":43}},"locations":[{"start":{"line":25,"column":25},"end":{"line":25,"column":43}}]},"8":{"type":"branch","line":25,"loc":{"start":{"line":25,"column":35},"end":{"line":25,"column":49}},"locations":[{"start":{"line":25,"column":35},"end":{"line":25,"column":49}}]},"9":{"type":"branch","line":29,"loc":{"start":{"line":29,"column":2},"end":{"line":31,"column":3}},"locations":[{"start":{"line":29,"column":2},"end":{"line":31,"column":3}}]},"10":{"type":"branch","line":33,"loc":{"start":{"line":33,"column":2},"end":{"line":35,"column":3}},"locations":[{"start":{"line":33,"column":2},"end":{"line":35,"column":3}}]},"11":{"type":"branch","line":37,"loc":{"start":{"line":37,"column":2},"end":{"line":39,"column":3}},"locations":[{"start":{"line":37,"column":2},"end":{"line":39,"column":3}}]},"12":{"type":"branch","line":41,"loc":{"start":{"line":41,"column":2},"end":{"line":43,"column":3}},"locations":[{"start":{"line":41,"column":2},"end":{"line":43,"column":3}}]},"13":{"type":"branch","line":46,"loc":{"start":{"line":46,"column":2},"end":{"line":49,"column":3}},"locations":[{"start":{"line":46,"column":2},"end":{"line":49,"column":3}}]},"14":{"type":"branch","line":47,"loc":{"start":{"line":47,"column":59},"end":{"line":47,"column":71}},"locations":[{"start":{"line":47,"column":59},"end":{"line":47,"column":71}}]}},"b":{"0":[6],"1":[6],"2":[6],"3":[2],"4":[4],"5":[3],"6":[1],"7":[0],"8":[4],"9":[1],"10":[3],"11":[1],"12":[1],"13":[1],"14":[0]},"fnMap":{"0":{"name":"<instance_members_initializer>","decl":{"start":{"line":11,"column":10},"end":{"line":12,"column":25}},"loc":{"start":{"line":11,"column":10},"end":{"line":12,"column":25}},"line":11},"1":{"name":"Logger","decl":{"start":{"line":14,"column":2},"end":{"line":17,"column":3}},"loc":{"start":{"line":14,"column":2},"end":{"line":17,"column":3}},"line":14},"2":{"name":"log","decl":{"start":{"line":20,"column":10},"end":{"line":27,"column":3}},"loc":{"start":{"line":20,"column":10},"end":{"line":27,"column":3}},"line":20},"3":{"name":"debug","decl":{"start":{"line":29,"column":2},"end":{"line":31,"column":3}},"loc":{"start":{"line":29,"column":2},"end":{"line":31,"column":3}},"line":29},"4":{"name":"info","decl":{"start":{"line":33,"column":2},"end":{"line":35,"column":3}},"loc":{"start":{"line":33,"column":2},"end":{"line":35,"column":3}},"line":33},"5":{"name":"warn","decl":{"start":{"line":37,"column":2},"end":{"line":39,"column":3}},"loc":{"start":{"line":37,"column":2},"end":{"line":39,"column":3}},"line":37},"6":{"name":"error","decl":{"start":{"line":41,"column":2},"end":{"line":43,"column":3}},"loc":{"start":{"line":41,"column":2},"end":{"line":43,"column":3}},"line":41},"7":{"name":"child","decl":{"start":{"line":46,"column":2},"end":{"line":49,"column":3}},"loc":{"start":{"line":46,"column":2},"end":{"line":49,"column":3}},"line":46}},"f":{"0":6,"1":6,"2":6,"3":1,"4":3,"5":1,"6":1,"7":1}},"/home/boffinwritescode/projects/dashbuild/tests/javascript/packages/core/src/utils.ts":{"path":"/home/boffinwritescode/projects/dashbuild/tests/javascript/packages/core/src/utils.ts","all":false,"statementMap":{"1":{"start":{"line":2,"column":0},"end":{"line":2,"column":51}},"2":{"start":{"line":3,"column":0},"end":{"line":3,"column":58}},"3":{"start":{"line":4,"column":0},"end":{"line":4,"column":69}},"4":{"start":{"line":5,"column":0},"end":{"line":5,"column":14}},"5":{"start":{"line":6,"column":0},"end":{"line":6,"column":1}},"7":{"start":{"line":8,"column":0},"end":{"line":8,"column":49}},"9":{"start":{"line":10,"column":0},"end":{"line":10,"column":14}},"10":{"start":{"line":11,"column":0},"end":{"line":11,"column":27}},"11":{"start":{"line":12,"column":0},"end":{"line":12,"column":26}},"12":{"start":{"line":13,"column":0},"end":{"line":13,"column":26}},"13":{"start":{"line":14,"column":0},"end":{"line":14,"column":28}},"14":{"start":{"line":15,"column":0},"end":{"line":15,"column":29}},"15":{"start":{"line":16,"column":0},"end":{"line":16,"column":1}},"17":{"start":{"line":18,"column":0},"end":{"line":18,"column":47}},"18":{"start":{"line":19,"column":0},"end":{"line":19,"column":13}},"19":{"start":{"line":20,"column":0},"end":{"line":20,"column":18}},"20":{"start":{"line":21,"column":0},"end":{"line":21,"column":32}},"21":{"start":{"line":22,"column":0},"end":{"line":22,"column":27}},"22":{"start":{"line":23,"column":0},"end":{"line":23,"column":1}},"25":{"start":{"line":26,"column":0},"end":{"line":26,"column":72}},"26":{"start":{"line":27,"column":0},"end":{"line":27,"column":45}},"27":{"start":{"line":28,"column":0},"end":{"line":28,"column":1}},"29":{"start":{"line":30,"column":0},"end":{"line":30,"column":41}},"30":{"start":{"line":31,"column":0},"end":{"line":31,"column":41}},"31":{"start":{"line":32,"column":0},"end":{"line":32,"column":1}}},"s":{"1":1,"2":8,"3":8,"4":4,"5":4,"7":1,"9":4,"10":4,"11":4,"12":4,"13":4,"14":4,"15":4,"17":1,"18":3,"19":3,"20":3,"21":3,"22":3,"25":1,"26":3,"27":3,"29":1,"30":2,"31":2},"branchMap":{"0":{"type":"branch","line":2,"loc":{"start":{"line":2,"column":7},"end":{"line":6,"column":1}},"locations":[{"start":{"line":2,"column":7},"end":{"line":6,"column":1}}]},"1":{"type":"branch","line":3,"loc":{"start":{"line":3,"column":16},"end":{"line":3,"column":45}},"locations":[{"start":{"line":3,"column":16},"end":{"line":3,"column":45}}]},"2":{"type":"branch","line":3,"loc":{"start":{"line":3,"column":45},"end":{"line":3,"column":58}},"locations":[{"start":{"line":3,"column":45},"end":{"line":3,"column":58}}]},"3":{"type":"branch","line":3,"loc":{"start":{"line":3,"column":52},"end":{"line":4,"column":35}},"locations":[{"start":{"line":3,"column":52},"end":{"line":4,"column":35}}]},"4":{"type":"branch","line":4,"loc":{"start":{"line":4,"column":23},"end":{"line":4,"column":56}},"locations":[{"start":{"line":4,"column":23},"end":{"line":4,"column":56}}]},"5":{"type":"branch","line":4,"loc":{"start":{"line":4,"column":56},"end":{"line":4,"column":69}},"locations":[{"start":{"line":4,"column":56},"end":{"line":4,"column":69}}]},"6":{"type":"branch","line":4,"loc":{"start":{"line":4,"column":63},"end":{"line":6,"column":1}},"locations":[{"start":{"line":4,"column":63},"end":{"line":6,"column":1}}]},"7":{"type":"branch","line":8,"loc":{"start":{"line":8,"column":7},"end":{"line":16,"column":1}},"locations":[{"start":{"line":8,"column":7},"end":{"line":16,"column":1}}]},"8":{"type":"branch","line":18,"loc":{"start":{"line":18,"column":7},"end":{"line":23,"column":1}},"locations":[{"start":{"line":18,"column":7},"end":{"line":23,"column":1}}]},"9":{"type":"branch","line":26,"loc":{"start":{"line":26,"column":7},"end":{"line":28,"column":1}},"locations":[{"start":{"line":26,"column":7},"end":{"line":28,"column":1}}]},"10":{"type":"branch","line":30,"loc":{"start":{"line":30,"column":7},"end":{"line":32,"column":1}},"locations":[{"start":{"line":30,"column":7},"end":{"line":32,"column":1}}]}},"b":{"0":[8],"1":[7],"2":[2],"3":[6],"4":[3],"5":[2],"6":[4],"7":[4],"8":[3],"9":[3],"10":[2]},"fnMap":{"0":{"name":"validate","decl":{"start":{"line":2,"column":7},"end":{"line":6,"column":1}},"loc":{"start":{"line":2,"column":7},"end":{"line":6,"column":1}},"line":2},"1":{"name":"sanitize","decl":{"start":{"line":8,"column":7},"end":{"line":16,"column":1}},"loc":{"start":{"line":8,"column":7},"end":{"line":16,"column":1}},"line":8},"2":{"name":"slugify","decl":{"start":{"line":18,"column":7},"end":{"line":23,"column":1}},"loc":{"start":{"line":18,"column":7},"end":{"line":23,"column":1}},"line":18},"3":{"name":"clamp","decl":{"start":{"line":26,"column":7},"end":{"line":28,"column":1}},"loc":{"start":{"line":26,"column":7},"end":{"line":28,"column":1}},"line":26},"4":{"name":"deepClone","decl":{"start":{"line":30,"column":7},"end":{"line":32,"column":1}},"loc":{"start":{"line":30,"column":7},"end":{"line":32,"column":1}},"line":30}},"f":{"0":8,"1":4,"2":3,"3":3,"4":2}},"/home/boffinwritescode/projects/dashbuild/tests/javascript/packages/ui/src/components/Button.ts":{"path":"/home/boffinwritescode/projects/dashbuild/tests/javascript/packages/ui/src/components/Button.ts","all":false,"statementMap":{"8":{"start":{"line":9,"column":0},"end":{"line":9,"column":44}},"9":{"start":{"line":10,"column":0},"end":{"line":10,"column":74}},"10":{"start":{"line":11,"column":0},"end":{"line":11,"column":26}},"11":{"start":{"line":12,"column":0},"end":{"line":12,"column":40}},"13":{"start":{"line":14,"column":0},"end":{"line":14,"column":10}},"14":{"start":{"line":15,"column":0},"end":{"line":15,"column":28}},"15":{"start":{"line":16,"column":0},"end":{"line":16,"column":46}},"16":{"start":{"line":17,"column":0},"end":{"line":17,"column":13}},"17":{"start":{"line":18,"column":0},"end":{"line":18,"column":12}},"18":{"start":{"line":19,"column":0},"end":{"line":19,"column":10}},"19":{"start":{"line":20,"column":0},"end":{"line":20,"column":4}},"20":{"start":{"line":21,"column":0},"end":{"line":21,"column":1}},"23":{"start":{"line":24,"column":0},"end":{"line":24,"column":35}},"27":{"start":{"line":28,"column":0},"end":{"line":28,"column":4}},"28":{"start":{"line":29,"column":0},"end":{"line":29,"column":10}},"29":{"start":{"line":30,"column":0},"end":{"line":30,"column":28}},"30":{"start":{"line":31,"column":0},"end":{"line":31,"column":26}},"31":{"start":{"line":32,"column":0},"end":{"line":32,"column":27}},"32":{"start":{"line":33,"column":0},"end":{"line":33,"column":27}},"33":{"start":{"line":34,"column":0},"end":{"line":34,"column":21}},"34":{"start":{"line":35,"column":0},"end":{"line":35,"column":4}},"35":{"start":{"line":36,"column":0},"end":{"line":36,"column":1}}},"s":{"8":1,"9":5,"10":5,"11":5,"13":5,"14":5,"15":5,"16":5,"17":5,"18":5,"19":5,"20":5,"23":1,"27":1,"28":1,"29":1,"30":1,"31":1,"32":1,"33":1,"34":1,"35":1},"branchMap":{"0":{"type":"branch","line":9,"loc":{"start":{"line":9,"column":7},"end":{"line":21,"column":1}},"locations":[{"start":{"line":9,"column":7},"end":{"line":21,"column":1}}]},"1":{"type":"branch","line":24,"loc":{"start":{"line":24,"column":7},"end":{"line":36,"column":1}},"locations":[{"start":{"line":24,"column":7},"end":{"line":36,"column":1}}]}},"b":{"0":[5],"1":[1]},"fnMap":{"0":{"name":"Button","decl":{"start":{"line":9,"column":7},"end":{"line":21,"column":1}},"loc":{"start":{"line":9,"column":7},"end":{"line":21,"column":1}},"line":9},"1":{"name":"IconButton","decl":{"start":{"line":24,"column":7},"end":{"line":36,"column":1}},"loc":{"start":{"line":24,"column":7},"end":{"line":36,"column":1}},"line":24}},"f":{"0":5,"1":1}},"/home/boffinwritescode/projects/dashbuild/tests/javascript/packages/ui/src/components/Modal.ts":{"path":"/home/boffinwritescode/projects/dashbuild/tests/javascript/packages/ui/src/components/Modal.ts","all":false,"statementMap":{"8":{"start":{"line":9,"column":0},"end":{"line":9,"column":42}},"9":{"start":{"line":10,"column":0},"end":{"line":10,"column":43}},"11":{"start":{"line":12,"column":0},"end":{"line":12,"column":27}},"14":{"start":{"line":15,"column":0},"end":{"line":15,"column":10}},"15":{"start":{"line":16,"column":0},"end":{"line":16,"column":25}},"16":{"start":{"line":17,"column":0},"end":{"line":17,"column":31}},"17":{"start":{"line":18,"column":0},"end":{"line":18,"column":10}},"18":{"start":{"line":19,"column":0},"end":{"line":19,"column":12}},"19":{"start":{"line":20,"column":0},"end":{"line":20,"column":17}},"20":{"start":{"line":21,"column":0},"end":{"line":21,"column":4}},"21":{"start":{"line":22,"column":0},"end":{"line":22,"column":1}},"23":{"start":{"line":24,"column":0},"end":{"line":24,"column":71}},"24":{"start":{"line":25,"column":0},"end":{"line":25,"column":49}},"25":{"start":{"line":26,"column":0},"end":{"line":26,"column":1}}},"s":{"8":1,"9":5,"11":5,"14":3,"15":3,"16":3,"17":3,"18":3,"19":3,"20":3,"21":3,"23":1,"24":2,"25":2},"branchMap":{"0":{"type":"branch","line":9,"loc":{"start":{"line":9,"column":7},"end":{"line":22,"column":1}},"locations":[{"start":{"line":9,"column":7},"end":{"line":22,"column":1}}]},"1":{"type":"branch","line":12,"loc":{"start":{"line":12,"column":15},"end":{"line":12,"column":27}},"locations":[{"start":{"line":12,"column":15},"end":{"line":12,"column":27}}]},"2":{"type":"branch","line":12,"loc":{"start":{"line":12,"column":22},"end":{"line":22,"column":1}},"locations":[{"start":{"line":12,"column":22},"end":{"line":22,"column":1}}]},"3":{"type":"branch","line":24,"loc":{"start":{"line":24,"column":7},"end":{"line":26,"column":1}},"locations":[{"start":{"line":24,"column":7},"end":{"line":26,"column":1}}]},"4":{"type":"branch","line":25,"loc":{"start":{"line":25,"column":19},"end":{"line":25,"column":49}},"locations":[{"start":{"line":25,"column":19},"end":{"line":25,"column":49}}]}},"b":{"0":[5],"1":[2],"2":[3],"3":[2],"4":[1]},"fnMap":{"0":{"name":"Modal","decl":{"start":{"line":9,"column":7},"end":{"line":22,"column":1}},"loc":{"start":{"line":9,"column":7},"end":{"line":22,"column":1}},"line":9},"1":{"name":"isModalOpen","decl":{"start":{"line":24,"column":7},"end":{"line":26,"column":1}},"loc":{"start":{"line":24,"column":7},"end":{"line":26,"column":1}},"line":24}},"f":{"0":5,"1":2}},"/home/boffinwritescode/projects/dashbuild/tests/javascript/packages/ui/src/hooks/useForm.ts":{"path":"/home/boffinwritescode/projects/dashbuild/tests/javascript/packages/ui/src/hooks/useForm.ts","all":false,"statementMap":{"7":{"start":{"line":8,"column":0},"end":{"line":8,"column":78}},"8":{"start":{"line":9,"column":0},"end":{"line":9,"column":31}},"9":{"start":{"line":10,"column":0},"end":{"line":10,"column":33}},"10":{"start":{"line":11,"column":0},"end":{"line":11,"column":15}},"11":{"start":{"line":12,"column":0},"end":{"line":12,"column":24}},"12":{"start":{"line":13,"column":0},"end":{"line":13,"column":4}},"14":{"start":{"line":15,"column":0},"end":{"line":15,"column":10}},"15":{"start":{"line":16,"column":0},"end":{"line":16,"column":20}},"16":{"start":{"line":17,"column":0},"end":{"line":17,"column":33}},"17":{"start":{"line":18,"column":0},"end":{"line":18,"column":6}},"19":{"start":{"line":20,"column":0},"end":{"line":20,"column":60}},"20":{"start":{"line":21,"column":0},"end":{"line":21,"column":32}},"22":{"start":{"line":23,"column":0},"end":{"line":23,"column":6}},"24":{"start":{"line":25,"column":0},"end":{"line":25,"column":51}},"25":{"start":{"line":26,"column":0},"end":{"line":26,"column":34}},"26":{"start":{"line":27,"column":0},"end":{"line":27,"column":6}},"28":{"start":{"line":29,"column":0},"end":{"line":29,"column":25}},"29":{"start":{"line":30,"column":0},"end":{"line":30,"column":24}},"30":{"start":{"line":31,"column":0},"end":{"line":31,"column":6}},"32":{"start":{"line":33,"column":0},"end":{"line":33,"column":51}},"33":{"start":{"line":34,"column":0},"end":{"line":34,"column":33}},"34":{"start":{"line":35,"column":0},"end":{"line":35,"column":6}},"36":{"start":{"line":37,"column":0},"end":{"line":37,"column":26}},"37":{"start":{"line":38,"column":0},"end":{"line":38,"column":50}},"38":{"start":{"line":39,"column":0},"end":{"line":39,"column":6}},"41":{"start":{"line":42,"column":0},"end":{"line":42,"column":72}},"42":{"start":{"line":43,"column":0},"end":{"line":43,"column":32}},"43":{"start":{"line":44,"column":0},"end":{"line":44,"column":34}},"44":{"start":{"line":45,"column":0},"end":{"line":45,"column":33}},"45":{"start":{"line":46,"column":0},"end":{"line":46,"column":6}},"46":{"start":{"line":47,"column":0},"end":{"line":47,"column":4}},"47":{"start":{"line":48,"column":0},"end":{"line":48,"column":1}}},"s":{"7":1,"8":5,"9":5,"10":5,"11":5,"12":5,"14":5,"15":5,"16":4,"17":4,"19":5,"20":2,"22":2,"24":5,"25":1,"26":1,"28":5,"29":1,"30":1,"32":5,"33":2,"34":2,"36":5,"37":2,"38":2,"41":5,"42":1,"43":1,"44":1,"45":1,"46":5,"47":5},"branchMap":{"0":{"type":"branch","line":8,"loc":{"start":{"line":8,"column":7},"end":{"line":48,"column":1}},"locations":[{"start":{"line":8,"column":7},"end":{"line":48,"column":1}}]},"1":{"type":"branch","line":16,"loc":{"start":{"line":16,"column":4},"end":{"line":18,"column":6}},"locations":[{"start":{"line":16,"column":4},"end":{"line":18,"column":6}}]},"2":{"type":"branch","line":20,"loc":{"start":{"line":20,"column":4},"end":{"line":23,"column":6}},"locations":[{"start":{"line":20,"column":4},"end":{"line":23,"column":6}}]},"3":{"type":"branch","line":25,"loc":{"start":{"line":25,"column":4},"end":{"line":27,"column":6}},"locations":[{"start":{"line":25,"column":4},"end":{"line":27,"column":6}}]},"4":{"type":"branch","line":29,"loc":{"start":{"line":29,"column":4},"end":{"line":31,"column":6}},"locations":[{"start":{"line":29,"column":4},"end":{"line":31,"column":6}}]},"5":{"type":"branch","line":33,"loc":{"start":{"line":33,"column":4},"end":{"line":35,"column":6}},"locations":[{"start":{"line":33,"column":4},"end":{"line":35,"column":6}}]},"6":{"type":"branch","line":37,"loc":{"start":{"line":37,"column":4},"end":{"line":39,"column":6}},"locations":[{"start":{"line":37,"column":4},"end":{"line":39,"column":6}}]},"7":{"type":"branch","line":42,"loc":{"start":{"line":42,"column":4},"end":{"line":46,"column":6}},"locations":[{"start":{"line":42,"column":4},"end":{"line":46,"column":6}}]}},"b":{"0":[5],"1":[4],"2":[2],"3":[1],"4":[1],"5":[2],"6":[2],"7":[1]},"fnMap":{"0":{"name":"useForm","decl":{"start":{"line":8,"column":7},"end":{"line":48,"column":1}},"loc":{"start":{"line":8,"column":7},"end":{"line":48,"column":1}},"line":8},"1":{"name":"getValues","decl":{"start":{"line":16,"column":4},"end":{"line":18,"column":6}},"loc":{"start":{"line":16,"column":4},"end":{"line":18,"column":6}},"line":16},"2":{"name":"setValue","decl":{"start":{"line":20,"column":4},"end":{"line":23,"column":6}},"loc":{"start":{"line":20,"column":4},"end":{"line":23,"column":6}},"line":20},"3":{"name":"setError","decl":{"start":{"line":25,"column":4},"end":{"line":27,"column":6}},"loc":{"start":{"line":25,"column":4},"end":{"line":27,"column":6}},"line":25},"4":{"name":"clearErrors","decl":{"start":{"line":29,"column":4},"end":{"line":31,"column":6}},"loc":{"start":{"line":29,"column":4},"end":{"line":31,"column":6}},"line":29},"5":{"name":"getErrors","decl":{"start":{"line":33,"column":4},"end":{"line":35,"column":6}},"loc":{"start":{"line":33,"column":4},"end":{"line":35,"column":6}},"line":33},"6":{"name":"hasErrors","decl":{"start":{"line":37,"column":4},"end":{"line":39,"column":6}},"loc":{"start":{"line":37,"column":4},"end":{"line":39,"column":6}},"line":37},"7":{"name":"submit","decl":{"start":{"line":42,"column":4},"end":{"line":46,"column":6}},"loc":{"start":{"line":42,"column":4},"end":{"line":46,"column":6}},"line":42}},"f":{"0":5,"1":4,"2":2,"3":1,"4":1,"5":2,"6":2,"7":1}},"/home/boffinwritescode/projects/dashbuild/tests/javascript/packages/ui/src/index.ts":{"path":"/home/boffinwritescode/projects/dashbuild/tests/javascript/packages/ui/src/index.ts","all":true,"statementMap":{"0":{"start":{"line":1,"column":0},"end":{"line":1,"column":45}},"1":{"start":{"line":2,"column":0},"end":{"line":2,"column":43}},"2":{"start":{"line":3,"column":0},"end":{"line":3,"column":42}}},"s":{"0":0,"1":0,"2":0},"branchMap":{"0":{"type":"branch","line":1,"loc":{"start":{"line":1,"column":132},"end":{"line":3,"column":42}},"locations":[{"start":{"line":1,"column":132},"end":{"line":3,"column":42}}]}},"b":{"0":[0]},"fnMap":{"0":{"name":"(empty-report)","decl":{"start":{"line":1,"column":132},"end":{"line":3,"column":42}},"loc":{"start":{"line":1,"column":132},"end":{"line":3,"column":42}},"line":1}},"f":{"0":0}},"/home/boffinwritescode/projects/dashbuild/tests/javascript/packages/core/src/index.ts":{"path":"/home/boffinwritescode/projects/dashbuild/tests/javascript/packages/core/src/index.ts","all":true,"statementMap":{"0":{"start":{"line":1,"column":0},"end":{"line":1,"column":84}},"1":{"start":{"line":2,"column":0},"end":{"line":2,"column":40}},"2":{"start":{"line":3,"column":0},"end":{"line":3,"column":72}},"3":{"start":{"line":4,"column":0},"end":{"line":4,"column":34}}},"s":{"0":0,"1":0,"2":0,"3":0},"branchMap":{"0":{"type":"branch","line":1,"loc":{"start":{"line":1,"column":275},"end":{"line":5,"column":41}},"locations":[{"start":{"line":1,"column":275},"end":{"line":5,"column":41}}]}},"b":{"0":[0]},"fnMap":{"0":{"name":"(empty-report)","decl":{"start":{"line":1,"column":275},"end":{"line":5,"column":41}},"loc":{"start":{"line":1,"column":275},"end":{"line":5,"column":41}},"line":1}},"f":{"0":0}},"/home/boffinwritescode/projects/dashbuild/tests/javascript/packages/api/src/index.ts":{"path":"/home/boffinwritescode/projects/dashbuild/tests/javascript/packages/api/src/index.ts","all":true,"statementMap":{"0":{"start":{"line":1,"column":0},"end":{"line":1,"column":40}},"1":{"start":{"line":2,"column":0},"end":{"line":2,"column":43}},"2":{"start":{"line":3,"column":0},"end":{"line":3,"column":45}}},"s":{"0":0,"1":0,"2":0},"branchMap":{"0":{"type":"branch","line":1,"loc":{"start":{"line":1,"column":130},"end":{"line":3,"column":45}},"locations":[{"start":{"line":1,"column":130},"end":{"line":3,"column":45}}]}},"b":{"0":[0]},"fnMap":{"0":{"name":"(empty-report)","decl":{"start":{"line":1,"column":130},"end":{"line":3,"column":45}},"loc":{"start":{"line":1,"column":130},"end":{"line":3,"column":45}},"line":1}},"f":{"0":0}}}}